C:\GOVERNMENTENGINE\EPICFORCEENGINE\LIBJPEG\DEBUG\JDMASTER.OBJ
C:\GOVERNMENTENGINE\EPICFORCEENGINE\LIBJPEG\DEBUG\JDMERGE.OBJ
C:\GOVERNMENTENGINE\EPICFORCEENGINE\LIBJPEG\DEBUG\JDPOSTCT.OBJ
C:\GOVERNMENTENGINE\EPICFORCEENGINE\LIBJPEG\DEBUG\JDSAMPLE.OBJ
C:\GOVERNMENTENGINE\EPICFORCEENGINE\LIBJPEG\DEBUG\JDTRANS.OBJ
C:\GOVERNMENTENGINE\EPICFORCEENGINE\LIBJPEG\DEBUG\JERROR.OBJ
C:\GOVERNMENTENGINE\EPICFORCEENGINE\LIBJPEG\DEBUG\JFDCTFLT.OBJ
C:\GOVERNMENTENGINE\EPICFORCEENGINE\LIBJPEG\DEBUG\JFDCTFST.OBJ
C:\GOVERNMENTENGINE\EPICFORCEENGINE\LIBJPEG\DEBUG\JFDCTINT.OBJ
C:\GOVERNMENTENGINE\EPICFORCEENGINE\LIBJPEG\DEBUG\JIDCTFLT.OBJ
C:\GOVERNMENTENGINE\EPICFORCEENGINE\LIBJPEG\DEBUG\JIDCTFST.OBJ
C:\GOVERNMENTENGINE\EPICFORCEENGINE\LIBJPEG\DEBUG\JIDCTINT.OBJ
C:\GOVERNMENTENGINE\EPICFORCEENGINE\LIBJPEG\DEBUG\JMEMANSI.OBJ
C:\GOVERNMENTENGINE\EPICFORCEENGINE\LIBJPEG\DEBUG\JMEMMGR.OBJ
C:\GOVERNMENTENGINE\EPICFORCEENGINE\LIBJPEG\DEBUG\JPEG.OBJ
C:\GOVERNMENTENGINE\EPICFORCEENGINE\LIBJPEG\DEBUG\JQUANT1.OBJ
C:\GOVERNMENTENGINE\EPICFORCEENGINE\LIBJPEG\DEBUG\JQUANT2.OBJ
C:\GOVERNMENTENGINE\EPICFORCEENGINE\LIBJPEG\DEBUG\JUTILS.OBJ
C:\GOVERNMENTENGINE\EPICFORCEENGINE\LIBJPEG\DEBUG\RDJPGCOM.OBJ
C:\GOVERNMENTENGINE\EPICFORCEENGINE\LIBJPEG\DEBUG\TRANSUPP.OBJ
C:\GOVERNMENTENGINE\EPICFORCEENGINE\LIBJPEG\DEBUG\JCMAINCT.OBJ
C:\GOVERNMENTENGINE\EPICFORCEENGINE\LIBJPEG\DEBUG\JCMARKER.OBJ
C:\GOVERNMENTENGINE\EPICFORCEENGINE\LIBJPEG\DEBUG\JCMASTER.OBJ
C:\GOVERNMENTENGINE\EPICFORCEENGINE\LIBJPEG\DEBUG\JCOMAPI.OBJ
C:\GOVERNMENTENGINE\EPICFORCEENGINE\LIBJPEG\DEBUG\JCPARAM.OBJ
C:\GOVERNMENTENGINE\EPICFORCEENGINE\LIBJPEG\DEBUG\JCPREPCT.OBJ
C:\GOVERNMENTENGINE\EPICFORCEENGINE\LIBJPEG\DEBUG\JCSAMPLE.OBJ
C:\GOVERNMENTENGINE\EPICFORCEENGINE\LIBJPEG\DEBUG\JCTRANS.OBJ
C:\GOVERNMENTENGINE\EPICFORCEENGINE\LIBJPEG\DEBUG\JDAPIMIN.OBJ
C:\GOVERNMENTENGINE\EPICFORCEENGINE\LIBJPEG\DEBUG\JDAPISTD.OBJ
C:\GOVERNMENTENGINE\EPICFORCEENGINE\LIBJPEG\DEBUG\JDARITH.OBJ
C:\GOVERNMENTENGINE\EPICFORCEENGINE\LIBJPEG\DEBUG\JDATADST.OBJ
C:\GOVERNMENTENGINE\EPICFORCEENGINE\LIBJPEG\DEBUG\JDATASRC.OBJ
C:\GOVERNMENTENGINE\EPICFORCEENGINE\LIBJPEG\DEBUG\JDCOEFCT.OBJ
C:\GOVERNMENTENGINE\EPICFORCEENGINE\LIBJPEG\DEBUG\JDCOLOR.OBJ
C:\GOVERNMENTENGINE\EPICFORCEENGINE\LIBJPEG\DEBUG\JDDCTMGR.OBJ
C:\GOVERNMENTENGINE\EPICFORCEENGINE\LIBJPEG\DEBUG\JDHUFF.OBJ
C:\GOVERNMENTENGINE\EPICFORCEENGINE\LIBJPEG\DEBUG\JDINPUT.OBJ
C:\GOVERNMENTENGINE\EPICFORCEENGINE\LIBJPEG\DEBUG\JDMAINCT.OBJ
C:\GOVERNMENTENGINE\EPICFORCEENGINE\LIBJPEG\DEBUG\JDMARKER.OBJ
C:\GOVERNMENTENGINE\EPICFORCEENGINE\LIBJPEG\DEBUG\JARICOM.OBJ
C:\GOVERNMENTENGINE\EPICFORCEENGINE\LIBJPEG\DEBUG\JCAPIMIN.OBJ
C:\GOVERNMENTENGINE\EPICFORCEENGINE\LIBJPEG\DEBUG\JCAPISTD.OBJ
C:\GOVERNMENTENGINE\EPICFORCEENGINE\LIBJPEG\DEBUG\JCARITH.OBJ
C:\GOVERNMENTENGINE\EPICFORCEENGINE\LIBJPEG\DEBUG\JCCOEFCT.OBJ
C:\GOVERNMENTENGINE\EPICFORCEENGINE\LIBJPEG\DEBUG\JCCOLOR.OBJ
C:\GOVERNMENTENGINE\EPICFORCEENGINE\LIBJPEG\DEBUG\JCDCTMGR.OBJ
C:\GOVERNMENTENGINE\EPICFORCEENGINE\LIBJPEG\DEBUG\JCHUFF.OBJ
C:\GOVERNMENTENGINE\EPICFORCEENGINE\LIBJPEG\DEBUG\JCINIT.OBJ
C:\GOVERNMENTENGINE\EPICFORCEENGINE\LIBJPEG\DEBUG\VC110.PDB
C:\GOVERNMENTENGINE\EPICFORCEENGINE\DEBUG\LIBJPEG.LIB
C:\GovernmentEngine\EpicForceEngine\libjpeg\Debug\jaricom.obj
C:\GovernmentEngine\EpicForceEngine\libjpeg\Debug\jcapimin.obj
C:\GovernmentEngine\EpicForceEngine\libjpeg\Debug\jcapistd.obj
C:\GovernmentEngine\EpicForceEngine\libjpeg\Debug\jcarith.obj
C:\GovernmentEngine\EpicForceEngine\libjpeg\Debug\jccoefct.obj
C:\GovernmentEngine\EpicForceEngine\libjpeg\Debug\jccolor.obj
C:\GovernmentEngine\EpicForceEngine\libjpeg\Debug\jcdctmgr.obj
C:\GovernmentEngine\EpicForceEngine\libjpeg\Debug\jchuff.obj
C:\GovernmentEngine\EpicForceEngine\libjpeg\Debug\jcinit.obj
C:\GovernmentEngine\EpicForceEngine\libjpeg\Debug\jcmainct.obj
C:\GovernmentEngine\EpicForceEngine\libjpeg\Debug\jcmarker.obj
C:\GovernmentEngine\EpicForceEngine\libjpeg\Debug\jcmaster.obj
C:\GovernmentEngine\EpicForceEngine\libjpeg\Debug\jcomapi.obj
C:\GovernmentEngine\EpicForceEngine\libjpeg\Debug\jcparam.obj
C:\GovernmentEngine\EpicForceEngine\libjpeg\Debug\jcprepct.obj
C:\GovernmentEngine\EpicForceEngine\libjpeg\Debug\jcsample.obj
C:\GovernmentEngine\EpicForceEngine\libjpeg\Debug\jctrans.obj
C:\GovernmentEngine\EpicForceEngine\libjpeg\Debug\jdapimin.obj
C:\GovernmentEngine\EpicForceEngine\libjpeg\Debug\jdapistd.obj
C:\GovernmentEngine\EpicForceEngine\libjpeg\Debug\jdarith.obj
C:\GovernmentEngine\EpicForceEngine\libjpeg\Debug\jdatadst.obj
C:\GovernmentEngine\EpicForceEngine\libjpeg\Debug\jdatasrc.obj
C:\GovernmentEngine\EpicForceEngine\libjpeg\Debug\jdcoefct.obj
C:\GovernmentEngine\EpicForceEngine\libjpeg\Debug\jdcolor.obj
C:\GovernmentEngine\EpicForceEngine\libjpeg\Debug\jddctmgr.obj
C:\GovernmentEngine\EpicForceEngine\libjpeg\Debug\jdhuff.obj
C:\GovernmentEngine\EpicForceEngine\libjpeg\Debug\jdinput.obj
C:\GovernmentEngine\EpicForceEngine\libjpeg\Debug\jdmainct.obj
C:\GovernmentEngine\EpicForceEngine\libjpeg\Debug\jdmarker.obj
C:\GovernmentEngine\EpicForceEngine\libjpeg\Debug\jdmaster.obj
C:\GovernmentEngine\EpicForceEngine\libjpeg\Debug\jdmerge.obj
C:\GovernmentEngine\EpicForceEngine\libjpeg\Debug\jdpostct.obj
C:\GovernmentEngine\EpicForceEngine\libjpeg\Debug\jdsample.obj
C:\GovernmentEngine\EpicForceEngine\libjpeg\Debug\jdtrans.obj
C:\GovernmentEngine\EpicForceEngine\libjpeg\Debug\jerror.obj
C:\GovernmentEngine\EpicForceEngine\libjpeg\Debug\jfdctflt.obj
C:\GovernmentEngine\EpicForceEngine\libjpeg\Debug\jfdctfst.obj
C:\GovernmentEngine\EpicForceEngine\libjpeg\Debug\jfdctint.obj
C:\GovernmentEngine\EpicForceEngine\libjpeg\Debug\jidctflt.obj
C:\GovernmentEngine\EpicForceEngine\libjpeg\Debug\jidctfst.obj
C:\GovernmentEngine\EpicForceEngine\libjpeg\Debug\jidctint.obj
C:\GovernmentEngine\EpicForceEngine\libjpeg\Debug\jmemansi.obj
C:\GovernmentEngine\EpicForceEngine\libjpeg\Debug\jmemmgr.obj
C:\GovernmentEngine\EpicForceEngine\libjpeg\Debug\jpeg.obj
C:\GovernmentEngine\EpicForceEngine\libjpeg\Debug\jquant1.obj
C:\GovernmentEngine\EpicForceEngine\libjpeg\Debug\jquant2.obj
C:\GovernmentEngine\EpicForceEngine\libjpeg\Debug\jutils.obj
C:\GovernmentEngine\EpicForceEngine\libjpeg\Debug\rdjpgcom.obj
C:\GovernmentEngine\EpicForceEngine\libjpeg\Debug\transupp.obj
C:\GovernmentEngine\EpicForceEngine\libjpeg\Debug\cl.command.1.tlog
C:\GovernmentEngine\EpicForceEngine\libjpeg\Debug\CL.read.1.tlog
C:\GovernmentEngine\EpicForceEngine\libjpeg\Debug\CL.write.1.tlog
C:\GovernmentEngine\EpicForceEngine\libjpeg\Debug\Lib-link.read.1.tlog
C:\GovernmentEngine\EpicForceEngine\libjpeg\Debug\Lib-link.write.1.tlog
C:\GovernmentEngine\EpicForceEngine\libjpeg\Debug\lib.command.1.tlog
C:\GovernmentEngine\EpicForceEngine\libjpeg\Debug\vc110.idb
C:\GovernmentEngine\EpicForceEngine\libjpeg\Debug\vc110.pdb
C:\GovernmentEngine\EpicForceEngine\Debug\libjpeg.lib
