C:\GOVERNMENTENGINE\EPICFORCEENGINE\GAME\RELEASE\MACDEMODIFFUSEMAPCUBEENTITY.OBJ
C:\GOVERNMENTENGINE\EPICFORCEENGINE\GAME\RELEASE\MACDEMOCUBEENTITY.OBJ
C:\GOVERNMENTENGINE\EPICFORCEENGINE\GAME\RELEASE\MACDEMOBILLBOARDENTITY.OBJ
C:\GOVERNMENTENGINE\EPICFORCEENGINE\GAME\RELEASE\MACDEMOSKYSPHEREENTITY.OBJ
C:\GOVERNMENTENGINE\EPICFORCEENGINE\GAME\RELEASE\REFLECTENTITY.OBJ
C:\GOVERNMENTENGINE\EPICFORCEENGINE\GAME\RELEASE\MACDEMOTESTREFLECTIONENTITY.OBJ
C:\GOVERNMENTENGINE\EPICFORCEENGINE\GAME\RELEASE\MACDEMOSPHERECOLLIDERCUBEENTITY.OBJ
C:\GOVERNMENTENGINE\EPICFORCEENGINE\GAME\RELEASE\MACDEMOSKELETALANIMATIONMODELENTITY.OBJ
C:\GOVERNMENTENGINE\EPICFORCEENGINE\GAME\RELEASE\MACDEMOSKELETALANIMATIONMODEL2ENTITY.OBJ
C:\GOVERNMENTENGINE\EPICFORCEENGINE\GAME\RELEASE\MACDEMOPARTICLEEMITTERENTITY.OBJ
C:\GOVERNMENTENGINE\EPICFORCEENGINE\GAME\RELEASE\MACDEMOPHYSICSDIFFUSEMAPSPECULARMAPCUBEENTITY.OBJ
C:\GOVERNMENTENGINE\EPICFORCEENGINE\GAME\RELEASE\MACDEMOPHYSICSDIFFUSEMAPCUBEENTITY.OBJ
C:\GOVERNMENTENGINE\EPICFORCEENGINE\GAME\RELEASE\MACDEMOPHYSICSCUBEENTITY.OBJ
C:\GOVERNMENTENGINE\EPICFORCEENGINE\GAME\RELEASE\MACDEMOGOVNTEST1CAMERAENTITY.OBJ
C:\GOVERNMENTENGINE\EPICFORCEENGINE\GAME\RELEASE\EDITORENTITY.OBJ
C:\GOVERNMENTENGINE\EPICFORCEENGINE\GAME\RELEASE\MACDEMOBGMENTITY.OBJ
C:\GOVERNMENTENGINE\EPICFORCEENGINE\GAME\RELEASE\MACDEMOCAMERAENTITY.OBJ
C:\GOVERNMENTENGINE\EPICFORCEENGINE\GAME\RELEASE\MACDEMOAUDIOSOURCEENTITY.OBJ
C:\GOVERNMENTENGINE\EPICFORCEENGINE\GAME\RELEASE\MACDEMOAUDIOLISTENERENTITY.OBJ
C:\GOVERNMENTENGINE\EPICFORCEENGINE\GAME\RELEASE\GOVENMENTTESTBVHCOLLIDERENTITY.OBJ
C:\GOVERNMENTENGINE\EPICFORCEENGINE\GAME\RELEASE\STARTSTATE.OBJ
C:\GOVERNMENTENGINE\EPICFORCEENGINE\GAME\RELEASE\PROJECTMODEL.OBJ
C:\GOVERNMENTENGINE\EPICFORCEENGINE\GAME\RELEASE\PROJECTMODELFSM.OBJ
C:\GOVERNMENTENGINE\EPICFORCEENGINE\GAME\RELEASE\UPDATEASSETSSTATE.OBJ
C:\GOVERNMENTENGINE\EPICFORCEENGINE\GAME\RELEASE\PLAYMODESCENE.OBJ
C:\GOVERNMENTENGINE\EPICFORCEENGINE\GAME\RELEASE\OPERATIONMENUSTATE.OBJ
C:\GOVERNMENTENGINE\EPICFORCEENGINE\GAME\RELEASE\MODELVIEWEDITORSCENE.OBJ
C:\GOVERNMENTENGINE\EPICFORCEENGINE\GAME\RELEASE\HELPMENUSTATE.OBJ
C:\GOVERNMENTENGINE\EPICFORCEENGINE\GAME\RELEASE\FILEMENUSTATE.OBJ
C:\GOVERNMENTENGINE\EPICFORCEENGINE\GAME\RELEASE\EDITMENUSTATE.OBJ
C:\GOVERNMENTENGINE\EPICFORCEENGINE\GAME\RELEASE\DEBUGMENUSTATE.OBJ
C:\GOVERNMENTENGINE\EPICFORCEENGINE\GAME\RELEASE\GLOBALSTATE.OBJ
C:\GOVERNMENTENGINE\EPICFORCEENGINE\GAME\RELEASE\BUILDMENUSTATE.OBJ
C:\GOVERNMENTENGINE\EPICFORCEENGINE\GAME\RELEASE\MAGNUMGAME.OBJ
C:\GOVERNMENTENGINE\EPICFORCEENGINE\GAME\RELEASE\MACDEMODIFFUSEMAPSPECULARMAPCUBEENTITY.OBJ
C:\GOVERNMENTENGINE\EPICFORCEENGINE\GAME\RELEASE\VC110.PDB
C:\GovernmentEngine\EpicForceEngine\Release\Game.lib
C:\GovernmentEngine\EpicForceEngine\Release\Game.exp
C:\GOVERNMENTENGINE\EPICFORCEENGINE\RELEASE\GAME.PDB
C:\GOVERNMENTENGINE\EPICFORCEENGINE\RELEASE\GAME.DLL
C:\GovernmentEngine\EpicForceEngine\Game\Release\BuildMenuState.obj
C:\GovernmentEngine\EpicForceEngine\Game\Release\DebugMenuState.obj
C:\GovernmentEngine\EpicForceEngine\Game\Release\EditMenuState.obj
C:\GovernmentEngine\EpicForceEngine\Game\Release\EditorEntity.obj
C:\GovernmentEngine\EpicForceEngine\Game\Release\FileMenuState.obj
C:\GovernmentEngine\EpicForceEngine\Game\Release\GlobalState.obj
C:\GovernmentEngine\EpicForceEngine\Game\Release\GovenmentTestBVHColliderEntity.obj
C:\GovernmentEngine\EpicForceEngine\Game\Release\HelpMenuState.obj
C:\GovernmentEngine\EpicForceEngine\Game\Release\MacDemoAudioListenerEntity.obj
C:\GovernmentEngine\EpicForceEngine\Game\Release\MacDemoAudioSourceEntity.obj
C:\GovernmentEngine\EpicForceEngine\Game\Release\MacDemoBGMEntity.obj
C:\GovernmentEngine\EpicForceEngine\Game\Release\MacDemoBillBoardEntity.obj
C:\GovernmentEngine\EpicForceEngine\Game\Release\MacDemoCameraEntity.obj
C:\GovernmentEngine\EpicForceEngine\Game\Release\MacDemoCubeEntity.obj
C:\GovernmentEngine\EpicForceEngine\Game\Release\MacDemoDiffuseMapCubeEntity.obj
C:\GovernmentEngine\EpicForceEngine\Game\Release\MacDemoDiffuseMapSpecularMapCubeEntity.obj
C:\GovernmentEngine\EpicForceEngine\Game\Release\MacDemoGovnTest1CameraEntity.obj
C:\GovernmentEngine\EpicForceEngine\Game\Release\MacDemoParticleEmitterEntity.obj
C:\GovernmentEngine\EpicForceEngine\Game\Release\MacDemoPhysicsCubeEntity.obj
C:\GovernmentEngine\EpicForceEngine\Game\Release\MacDemoPhysicsDiffuseMapCubeEntity.obj
C:\GovernmentEngine\EpicForceEngine\Game\Release\MacDemoPhysicsDiffuseMapSpecularMapCubeEntity.obj
C:\GovernmentEngine\EpicForceEngine\Game\Release\MacDemoSkeletalAnimationModel2Entity.obj
C:\GovernmentEngine\EpicForceEngine\Game\Release\MacDemoSkeletalAnimationModelEntity.obj
C:\GovernmentEngine\EpicForceEngine\Game\Release\MacDemoSkySphereEntity.obj
C:\GovernmentEngine\EpicForceEngine\Game\Release\MacDemoSphereColliderCubeEntity.obj
C:\GovernmentEngine\EpicForceEngine\Game\Release\MacDemoTestReflectionEntity.obj
C:\GovernmentEngine\EpicForceEngine\Game\Release\MagnumGame.obj
C:\GovernmentEngine\EpicForceEngine\Game\Release\ModelViewEditorScene.obj
C:\GovernmentEngine\EpicForceEngine\Game\Release\OperationMenuState.obj
C:\GovernmentEngine\EpicForceEngine\Game\Release\PlayModeScene.obj
C:\GovernmentEngine\EpicForceEngine\Game\Release\ProjectModel.obj
C:\GovernmentEngine\EpicForceEngine\Game\Release\ProjectModelFSM.obj
C:\GovernmentEngine\EpicForceEngine\Game\Release\ReflectEntity.obj
C:\GovernmentEngine\EpicForceEngine\Game\Release\StartState.obj
C:\GovernmentEngine\EpicForceEngine\Game\Release\UpdateAssetsState.obj
C:\GovernmentEngine\EpicForceEngine\Game\Release\cl.command.1.tlog
C:\GovernmentEngine\EpicForceEngine\Game\Release\CL.read.1.tlog
C:\GovernmentEngine\EpicForceEngine\Game\Release\CL.write.1.tlog
C:\GovernmentEngine\EpicForceEngine\Game\Release\Game.write.1.tlog
C:\GovernmentEngine\EpicForceEngine\Game\Release\link-cvtres.read.1.tlog
C:\GovernmentEngine\EpicForceEngine\Game\Release\link-cvtres.write.1.tlog
C:\GovernmentEngine\EpicForceEngine\Game\Release\link-rc.read.1.tlog
C:\GovernmentEngine\EpicForceEngine\Game\Release\link-rc.write.1.tlog
C:\GovernmentEngine\EpicForceEngine\Game\Release\link.command.1.tlog
C:\GovernmentEngine\EpicForceEngine\Game\Release\link.read.1.tlog
C:\GovernmentEngine\EpicForceEngine\Game\Release\link.write.1.tlog
C:\GovernmentEngine\EpicForceEngine\Game\Release\vc110.pdb
C:\GovernmentEngine\EpicForceEngine\Release\Game.pdb
C:\GovernmentEngine\EpicForceEngine\Release\Game.dll
