C:\GOVERNMENTENGINE\EPICFORCEENGINE\BIN2C\DEBUG\MAIN.OBJ
C:\GOVERNMENTENGINE\EPICFORCEENGINE\BIN2C\DEBUG\VC110.PDB
C:\GOVERNMENTENGINE\EPICFORCEENGINE\DEBUG\BIN2C.ILK
C:\GOVERNMENTENGINE\EPICFORCEENGINE\DEBUG\BIN2C.EXE
C:\GOVERNMENTENGINE\EPICFORCEENGINE\DEBUG\BIN2C.PDB
C:\GovernmentEngine\EpicForceEngine\bin2c\Debug\main.obj
C:\GovernmentEngine\EpicForceEngine\bin2c\Debug\cl.command.1.tlog
C:\GovernmentEngine\EpicForceEngine\bin2c\Debug\CL.read.1.tlog
C:\GovernmentEngine\EpicForceEngine\bin2c\Debug\CL.write.1.tlog
C:\GovernmentEngine\EpicForceEngine\bin2c\Debug\link-cvtres.read.1.tlog
C:\GovernmentEngine\EpicForceEngine\bin2c\Debug\link-cvtres.write.1.tlog
C:\GovernmentEngine\EpicForceEngine\bin2c\Debug\link-rc.read.1.tlog
C:\GovernmentEngine\EpicForceEngine\bin2c\Debug\link-rc.write.1.tlog
C:\GovernmentEngine\EpicForceEngine\bin2c\Debug\link.command.1.tlog
C:\GovernmentEngine\EpicForceEngine\bin2c\Debug\link.read.1.tlog
C:\GovernmentEngine\EpicForceEngine\bin2c\Debug\link.write.1.tlog
C:\GovernmentEngine\EpicForceEngine\bin2c\Debug\vc110.idb
C:\GovernmentEngine\EpicForceEngine\bin2c\Debug\vc110.pdb
C:\GovernmentEngine\EpicForceEngine\Debug\bin2c.pdb
C:\GovernmentEngine\EpicForceEngine\Debug\bin2c.exe
C:\GovernmentEngine\EpicForceEngine\Debug\bin2c.ilk
