C:\GOVERNMENTENGINE\EPICFORCEENGINE\GAME\DEBUG\VC110.PDB
C:\GOVERNMENTENGINE\EPICFORCEENGINE\GAME\DEBUG\MODELVIEWEDITORSCENE.OBJ
C:\GOVERNMENTENGINE\EPICFORCEENGINE\GAME\DEBUG\PLAYMODESCENE.OBJ
C:\GOVERNMENTENGINE\EPICFORCEENGINE\GAME\DEBUG\STARTSTATE.OBJ
C:\GOVERNMENTENGINE\EPICFORCEENGINE\GAME\DEBUG\MAGNUMGAME.OBJ
C:\GOVERNMENTENGINE\EPICFORCEENGINE\GAME\DEBUG\REFLECTENTITY.OBJ
C:\GOVERNMENTENGINE\EPICFORCEENGINE\GAME\DEBUG\BUILDMENUSTATE.OBJ
C:\GOVERNMENTENGINE\EPICFORCEENGINE\GAME\DEBUG\DEBUGMENUSTATE.OBJ
C:\GOVERNMENTENGINE\EPICFORCEENGINE\GAME\DEBUG\EDITMENUSTATE.OBJ
C:\GOVERNMENTENGINE\EPICFORCEENGINE\GAME\DEBUG\FILEMENUSTATE.OBJ
C:\GOVERNMENTENGINE\EPICFORCEENGINE\GAME\DEBUG\GLOBALSTATE.OBJ
C:\GOVERNMENTENGINE\EPICFORCEENGINE\GAME\DEBUG\HELPMENUSTATE.OBJ
C:\GOVERNMENTENGINE\EPICFORCEENGINE\GAME\DEBUG\OPERATIONMENUSTATE.OBJ
C:\GOVERNMENTENGINE\EPICFORCEENGINE\GAME\DEBUG\PROJECTMODEL.OBJ
C:\GOVERNMENTENGINE\EPICFORCEENGINE\GAME\DEBUG\PROJECTMODELFSM.OBJ
C:\GOVERNMENTENGINE\EPICFORCEENGINE\GAME\DEBUG\UPDATEASSETSSTATE.OBJ
C:\GOVERNMENTENGINE\EPICFORCEENGINE\GAME\DEBUG\EDITORENTITY.OBJ
C:\GOVERNMENTENGINE\EPICFORCEENGINE\GAME\DEBUG\MACDEMOCAMERAENTITY.OBJ
C:\GOVERNMENTENGINE\EPICFORCEENGINE\GAME\DEBUG\MACDEMOSKELETALANIMATIONMODEL2ENTITY.OBJ
C:\GovernmentEngine\EpicForceEngine\Debug\Game.lib
C:\GovernmentEngine\EpicForceEngine\Debug\Game.exp
C:\GOVERNMENTENGINE\EPICFORCEENGINE\DEBUG\GAME.ILK
C:\GOVERNMENTENGINE\EPICFORCEENGINE\DEBUG\GAME.DLL
C:\GOVERNMENTENGINE\EPICFORCEENGINE\DEBUG\GAME.PDB
C:\GovernmentEngine\EpicForceEngine\Game\Debug\BuildMenuState.obj
C:\GovernmentEngine\EpicForceEngine\Game\Debug\DebugMenuState.obj
C:\GovernmentEngine\EpicForceEngine\Game\Debug\EditMenuState.obj
C:\GovernmentEngine\EpicForceEngine\Game\Debug\EditorEntity.obj
C:\GovernmentEngine\EpicForceEngine\Game\Debug\FileMenuState.obj
C:\GovernmentEngine\EpicForceEngine\Game\Debug\GlobalState.obj
C:\GovernmentEngine\EpicForceEngine\Game\Debug\GovenmentTestBVHColliderEntity.obj
C:\GovernmentEngine\EpicForceEngine\Game\Debug\HelpMenuState.obj
C:\GovernmentEngine\EpicForceEngine\Game\Debug\MacDemoAudioListenerEntity.obj
C:\GovernmentEngine\EpicForceEngine\Game\Debug\MacDemoAudioSourceEntity.obj
C:\GovernmentEngine\EpicForceEngine\Game\Debug\MacDemoBGMEntity.obj
C:\GovernmentEngine\EpicForceEngine\Game\Debug\MacDemoBillBoardEntity.obj
C:\GovernmentEngine\EpicForceEngine\Game\Debug\MacDemoCameraEntity.obj
C:\GovernmentEngine\EpicForceEngine\Game\Debug\MacDemoCubeEntity.obj
C:\GovernmentEngine\EpicForceEngine\Game\Debug\MacDemoDiffuseMapCubeEntity.obj
C:\GovernmentEngine\EpicForceEngine\Game\Debug\MacDemoDiffuseMapSpecularMapCubeEntity.obj
C:\GovernmentEngine\EpicForceEngine\Game\Debug\MacDemoGovnTest1CameraEntity.obj
C:\GovernmentEngine\EpicForceEngine\Game\Debug\MacDemoParticleEmitterEntity.obj
C:\GovernmentEngine\EpicForceEngine\Game\Debug\MacDemoPhysicsCubeEntity.obj
C:\GovernmentEngine\EpicForceEngine\Game\Debug\MacDemoPhysicsDiffuseMapCubeEntity.obj
C:\GovernmentEngine\EpicForceEngine\Game\Debug\MacDemoPhysicsDiffuseMapSpecularMapCubeEntity.obj
C:\GovernmentEngine\EpicForceEngine\Game\Debug\MacDemoSkeletalAnimationModel2Entity.obj
C:\GovernmentEngine\EpicForceEngine\Game\Debug\MacDemoSkeletalAnimationModelEntity.obj
C:\GovernmentEngine\EpicForceEngine\Game\Debug\MacDemoSkySphereEntity.obj
C:\GovernmentEngine\EpicForceEngine\Game\Debug\MacDemoSphereColliderCubeEntity.obj
C:\GovernmentEngine\EpicForceEngine\Game\Debug\MacDemoTestReflectionEntity.obj
C:\GovernmentEngine\EpicForceEngine\Game\Debug\MagnumGame.obj
C:\GovernmentEngine\EpicForceEngine\Game\Debug\ModelViewEditorScene.obj
C:\GovernmentEngine\EpicForceEngine\Game\Debug\OperationMenuState.obj
C:\GovernmentEngine\EpicForceEngine\Game\Debug\PlayModeScene.obj
C:\GovernmentEngine\EpicForceEngine\Game\Debug\ProjectModel.obj
C:\GovernmentEngine\EpicForceEngine\Game\Debug\ProjectModelFSM.obj
C:\GovernmentEngine\EpicForceEngine\Game\Debug\ReflectEntity.obj
C:\GovernmentEngine\EpicForceEngine\Game\Debug\StartState.obj
C:\GovernmentEngine\EpicForceEngine\Game\Debug\UpdateAssetsState.obj
C:\GovernmentEngine\EpicForceEngine\Game\Debug\cl.command.1.tlog
C:\GovernmentEngine\EpicForceEngine\Game\Debug\CL.read.1.tlog
C:\GovernmentEngine\EpicForceEngine\Game\Debug\CL.write.1.tlog
C:\GovernmentEngine\EpicForceEngine\Game\Debug\Game.write.1.tlog
C:\GovernmentEngine\EpicForceEngine\Game\Debug\link-cvtres.read.1.tlog
C:\GovernmentEngine\EpicForceEngine\Game\Debug\link-cvtres.write.1.tlog
C:\GovernmentEngine\EpicForceEngine\Game\Debug\link-rc.read.1.tlog
C:\GovernmentEngine\EpicForceEngine\Game\Debug\link-rc.write.1.tlog
C:\GovernmentEngine\EpicForceEngine\Game\Debug\link.10384-cvtres.read.1.tlog
C:\GovernmentEngine\EpicForceEngine\Game\Debug\link.10384-cvtres.write.1.tlog
C:\GovernmentEngine\EpicForceEngine\Game\Debug\link.10384-rc.read.1.tlog
C:\GovernmentEngine\EpicForceEngine\Game\Debug\link.10384-rc.write.1.tlog
C:\GovernmentEngine\EpicForceEngine\Game\Debug\link.10384.read.1.tlog
C:\GovernmentEngine\EpicForceEngine\Game\Debug\link.10384.write.1.tlog
C:\GovernmentEngine\EpicForceEngine\Game\Debug\link.10480-cvtres.read.1.tlog
C:\GovernmentEngine\EpicForceEngine\Game\Debug\link.10480-cvtres.write.1.tlog
C:\GovernmentEngine\EpicForceEngine\Game\Debug\link.10480-rc.read.1.tlog
C:\GovernmentEngine\EpicForceEngine\Game\Debug\link.10480-rc.write.1.tlog
C:\GovernmentEngine\EpicForceEngine\Game\Debug\link.10480.read.1.tlog
C:\GovernmentEngine\EpicForceEngine\Game\Debug\link.10480.write.1.tlog
C:\GovernmentEngine\EpicForceEngine\Game\Debug\link.1080-cvtres.read.1.tlog
C:\GovernmentEngine\EpicForceEngine\Game\Debug\link.1080-cvtres.write.1.tlog
C:\GovernmentEngine\EpicForceEngine\Game\Debug\link.1080-rc.read.1.tlog
C:\GovernmentEngine\EpicForceEngine\Game\Debug\link.1080-rc.write.1.tlog
C:\GovernmentEngine\EpicForceEngine\Game\Debug\link.1080.read.1.tlog
C:\GovernmentEngine\EpicForceEngine\Game\Debug\link.1080.write.1.tlog
C:\GovernmentEngine\EpicForceEngine\Game\Debug\link.10908-cvtres.read.1.tlog
C:\GovernmentEngine\EpicForceEngine\Game\Debug\link.10908-cvtres.write.1.tlog
C:\GovernmentEngine\EpicForceEngine\Game\Debug\link.10908-rc.read.1.tlog
C:\GovernmentEngine\EpicForceEngine\Game\Debug\link.10908-rc.write.1.tlog
C:\GovernmentEngine\EpicForceEngine\Game\Debug\link.10908.read.1.tlog
C:\GovernmentEngine\EpicForceEngine\Game\Debug\link.10908.write.1.tlog
C:\GovernmentEngine\EpicForceEngine\Game\Debug\link.12164-cvtres.read.1.tlog
C:\GovernmentEngine\EpicForceEngine\Game\Debug\link.12164-cvtres.write.1.tlog
C:\GovernmentEngine\EpicForceEngine\Game\Debug\link.12164-rc.read.1.tlog
C:\GovernmentEngine\EpicForceEngine\Game\Debug\link.12164-rc.write.1.tlog
C:\GovernmentEngine\EpicForceEngine\Game\Debug\link.12164.read.1.tlog
C:\GovernmentEngine\EpicForceEngine\Game\Debug\link.12164.write.1.tlog
C:\GovernmentEngine\EpicForceEngine\Game\Debug\link.12224-cvtres.read.1.tlog
C:\GovernmentEngine\EpicForceEngine\Game\Debug\link.12224-cvtres.write.1.tlog
C:\GovernmentEngine\EpicForceEngine\Game\Debug\link.12224-rc.read.1.tlog
C:\GovernmentEngine\EpicForceEngine\Game\Debug\link.12224-rc.write.1.tlog
C:\GovernmentEngine\EpicForceEngine\Game\Debug\link.12224.read.1.tlog
C:\GovernmentEngine\EpicForceEngine\Game\Debug\link.12224.write.1.tlog
C:\GovernmentEngine\EpicForceEngine\Game\Debug\link.1736-cvtres.read.1.tlog
C:\GovernmentEngine\EpicForceEngine\Game\Debug\link.1736-cvtres.write.1.tlog
C:\GovernmentEngine\EpicForceEngine\Game\Debug\link.1736-rc.read.1.tlog
C:\GovernmentEngine\EpicForceEngine\Game\Debug\link.1736-rc.write.1.tlog
C:\GovernmentEngine\EpicForceEngine\Game\Debug\link.1736.read.1.tlog
C:\GovernmentEngine\EpicForceEngine\Game\Debug\link.1736.write.1.tlog
C:\GovernmentEngine\EpicForceEngine\Game\Debug\link.2804-cvtres.read.1.tlog
C:\GovernmentEngine\EpicForceEngine\Game\Debug\link.2804-cvtres.write.1.tlog
C:\GovernmentEngine\EpicForceEngine\Game\Debug\link.2804-rc.read.1.tlog
C:\GovernmentEngine\EpicForceEngine\Game\Debug\link.2804-rc.write.1.tlog
C:\GovernmentEngine\EpicForceEngine\Game\Debug\link.2804.read.1.tlog
C:\GovernmentEngine\EpicForceEngine\Game\Debug\link.2804.write.1.tlog
C:\GovernmentEngine\EpicForceEngine\Game\Debug\link.4216-cvtres.read.1.tlog
C:\GovernmentEngine\EpicForceEngine\Game\Debug\link.4216-cvtres.write.1.tlog
C:\GovernmentEngine\EpicForceEngine\Game\Debug\link.4216-rc.read.1.tlog
C:\GovernmentEngine\EpicForceEngine\Game\Debug\link.4216-rc.write.1.tlog
C:\GovernmentEngine\EpicForceEngine\Game\Debug\link.4216.read.1.tlog
C:\GovernmentEngine\EpicForceEngine\Game\Debug\link.4216.write.1.tlog
C:\GovernmentEngine\EpicForceEngine\Game\Debug\link.5376-cvtres.read.1.tlog
C:\GovernmentEngine\EpicForceEngine\Game\Debug\link.5376-cvtres.write.1.tlog
C:\GovernmentEngine\EpicForceEngine\Game\Debug\link.5376-rc.read.1.tlog
C:\GovernmentEngine\EpicForceEngine\Game\Debug\link.5376-rc.write.1.tlog
C:\GovernmentEngine\EpicForceEngine\Game\Debug\link.5376.read.1.tlog
C:\GovernmentEngine\EpicForceEngine\Game\Debug\link.5376.write.1.tlog
C:\GovernmentEngine\EpicForceEngine\Game\Debug\link.5684-cvtres.read.1.tlog
C:\GovernmentEngine\EpicForceEngine\Game\Debug\link.5684-cvtres.write.1.tlog
C:\GovernmentEngine\EpicForceEngine\Game\Debug\link.5684-rc.read.1.tlog
C:\GovernmentEngine\EpicForceEngine\Game\Debug\link.5684-rc.write.1.tlog
C:\GovernmentEngine\EpicForceEngine\Game\Debug\link.5684.read.1.tlog
C:\GovernmentEngine\EpicForceEngine\Game\Debug\link.5684.write.1.tlog
C:\GovernmentEngine\EpicForceEngine\Game\Debug\link.7148-cvtres.read.1.tlog
C:\GovernmentEngine\EpicForceEngine\Game\Debug\link.7148-cvtres.write.1.tlog
C:\GovernmentEngine\EpicForceEngine\Game\Debug\link.7148-rc.read.1.tlog
C:\GovernmentEngine\EpicForceEngine\Game\Debug\link.7148-rc.write.1.tlog
C:\GovernmentEngine\EpicForceEngine\Game\Debug\link.7148.read.1.tlog
C:\GovernmentEngine\EpicForceEngine\Game\Debug\link.7148.write.1.tlog
C:\GovernmentEngine\EpicForceEngine\Game\Debug\link.7276-cvtres.read.1.tlog
C:\GovernmentEngine\EpicForceEngine\Game\Debug\link.7276-cvtres.write.1.tlog
C:\GovernmentEngine\EpicForceEngine\Game\Debug\link.7276-rc.read.1.tlog
C:\GovernmentEngine\EpicForceEngine\Game\Debug\link.7276-rc.write.1.tlog
C:\GovernmentEngine\EpicForceEngine\Game\Debug\link.7276.read.1.tlog
C:\GovernmentEngine\EpicForceEngine\Game\Debug\link.7276.write.1.tlog
C:\GovernmentEngine\EpicForceEngine\Game\Debug\link.7436-cvtres.read.1.tlog
C:\GovernmentEngine\EpicForceEngine\Game\Debug\link.7436-cvtres.write.1.tlog
C:\GovernmentEngine\EpicForceEngine\Game\Debug\link.7436-rc.read.1.tlog
C:\GovernmentEngine\EpicForceEngine\Game\Debug\link.7436-rc.write.1.tlog
C:\GovernmentEngine\EpicForceEngine\Game\Debug\link.7436.read.1.tlog
C:\GovernmentEngine\EpicForceEngine\Game\Debug\link.7436.write.1.tlog
C:\GovernmentEngine\EpicForceEngine\Game\Debug\link.7572-cvtres.read.1.tlog
C:\GovernmentEngine\EpicForceEngine\Game\Debug\link.7572-cvtres.write.1.tlog
C:\GovernmentEngine\EpicForceEngine\Game\Debug\link.7572-rc.read.1.tlog
C:\GovernmentEngine\EpicForceEngine\Game\Debug\link.7572-rc.write.1.tlog
C:\GovernmentEngine\EpicForceEngine\Game\Debug\link.7572.read.1.tlog
C:\GovernmentEngine\EpicForceEngine\Game\Debug\link.7572.write.1.tlog
C:\GovernmentEngine\EpicForceEngine\Game\Debug\link.7696-cvtres.read.1.tlog
C:\GovernmentEngine\EpicForceEngine\Game\Debug\link.7696-cvtres.write.1.tlog
C:\GovernmentEngine\EpicForceEngine\Game\Debug\link.7696-rc.read.1.tlog
C:\GovernmentEngine\EpicForceEngine\Game\Debug\link.7696-rc.write.1.tlog
C:\GovernmentEngine\EpicForceEngine\Game\Debug\link.7696.read.1.tlog
C:\GovernmentEngine\EpicForceEngine\Game\Debug\link.7696.write.1.tlog
C:\GovernmentEngine\EpicForceEngine\Game\Debug\link.7816-cvtres.read.1.tlog
C:\GovernmentEngine\EpicForceEngine\Game\Debug\link.7816-cvtres.write.1.tlog
C:\GovernmentEngine\EpicForceEngine\Game\Debug\link.7816-rc.read.1.tlog
C:\GovernmentEngine\EpicForceEngine\Game\Debug\link.7816-rc.write.1.tlog
C:\GovernmentEngine\EpicForceEngine\Game\Debug\link.7816.read.1.tlog
C:\GovernmentEngine\EpicForceEngine\Game\Debug\link.7816.write.1.tlog
C:\GovernmentEngine\EpicForceEngine\Game\Debug\link.7980-cvtres.read.1.tlog
C:\GovernmentEngine\EpicForceEngine\Game\Debug\link.7980-cvtres.write.1.tlog
C:\GovernmentEngine\EpicForceEngine\Game\Debug\link.7980-rc.read.1.tlog
C:\GovernmentEngine\EpicForceEngine\Game\Debug\link.7980-rc.write.1.tlog
C:\GovernmentEngine\EpicForceEngine\Game\Debug\link.7980.read.1.tlog
C:\GovernmentEngine\EpicForceEngine\Game\Debug\link.7980.write.1.tlog
C:\GovernmentEngine\EpicForceEngine\Game\Debug\link.8172-cvtres.read.1.tlog
C:\GovernmentEngine\EpicForceEngine\Game\Debug\link.8172-cvtres.write.1.tlog
C:\GovernmentEngine\EpicForceEngine\Game\Debug\link.8172-rc.read.1.tlog
C:\GovernmentEngine\EpicForceEngine\Game\Debug\link.8172-rc.write.1.tlog
C:\GovernmentEngine\EpicForceEngine\Game\Debug\link.8172.read.1.tlog
C:\GovernmentEngine\EpicForceEngine\Game\Debug\link.8172.write.1.tlog
C:\GovernmentEngine\EpicForceEngine\Game\Debug\link.8188-cvtres.read.1.tlog
C:\GovernmentEngine\EpicForceEngine\Game\Debug\link.8188-cvtres.write.1.tlog
C:\GovernmentEngine\EpicForceEngine\Game\Debug\link.8188-rc.read.1.tlog
C:\GovernmentEngine\EpicForceEngine\Game\Debug\link.8188-rc.write.1.tlog
C:\GovernmentEngine\EpicForceEngine\Game\Debug\link.8188.read.1.tlog
C:\GovernmentEngine\EpicForceEngine\Game\Debug\link.8188.write.1.tlog
C:\GovernmentEngine\EpicForceEngine\Game\Debug\link.8352-cvtres.read.1.tlog
C:\GovernmentEngine\EpicForceEngine\Game\Debug\link.8352-cvtres.write.1.tlog
C:\GovernmentEngine\EpicForceEngine\Game\Debug\link.8352-rc.read.1.tlog
C:\GovernmentEngine\EpicForceEngine\Game\Debug\link.8352-rc.write.1.tlog
C:\GovernmentEngine\EpicForceEngine\Game\Debug\link.8352.read.1.tlog
C:\GovernmentEngine\EpicForceEngine\Game\Debug\link.8352.write.1.tlog
C:\GovernmentEngine\EpicForceEngine\Game\Debug\link.8408-cvtres.read.1.tlog
C:\GovernmentEngine\EpicForceEngine\Game\Debug\link.8408-cvtres.write.1.tlog
C:\GovernmentEngine\EpicForceEngine\Game\Debug\link.8408-rc.read.1.tlog
C:\GovernmentEngine\EpicForceEngine\Game\Debug\link.8408-rc.write.1.tlog
C:\GovernmentEngine\EpicForceEngine\Game\Debug\link.8408.read.1.tlog
C:\GovernmentEngine\EpicForceEngine\Game\Debug\link.8408.write.1.tlog
C:\GovernmentEngine\EpicForceEngine\Game\Debug\link.9496-cvtres.read.1.tlog
C:\GovernmentEngine\EpicForceEngine\Game\Debug\link.9496-cvtres.write.1.tlog
C:\GovernmentEngine\EpicForceEngine\Game\Debug\link.9496-rc.read.1.tlog
C:\GovernmentEngine\EpicForceEngine\Game\Debug\link.9496-rc.write.1.tlog
C:\GovernmentEngine\EpicForceEngine\Game\Debug\link.9496.read.1.tlog
C:\GovernmentEngine\EpicForceEngine\Game\Debug\link.9496.write.1.tlog
C:\GovernmentEngine\EpicForceEngine\Game\Debug\link.9936-cvtres.read.1.tlog
C:\GovernmentEngine\EpicForceEngine\Game\Debug\link.9936-cvtres.write.1.tlog
C:\GovernmentEngine\EpicForceEngine\Game\Debug\link.9936-rc.read.1.tlog
C:\GovernmentEngine\EpicForceEngine\Game\Debug\link.9936-rc.write.1.tlog
C:\GovernmentEngine\EpicForceEngine\Game\Debug\link.9936.read.1.tlog
C:\GovernmentEngine\EpicForceEngine\Game\Debug\link.9936.write.1.tlog
C:\GovernmentEngine\EpicForceEngine\Game\Debug\link.command.1.tlog
C:\GovernmentEngine\EpicForceEngine\Game\Debug\link.read.1.tlog
C:\GovernmentEngine\EpicForceEngine\Game\Debug\link.write.1.tlog
C:\GovernmentEngine\EpicForceEngine\Game\Debug\vc110.idb
C:\GovernmentEngine\EpicForceEngine\Game\Debug\vc110.pdb
C:\GovernmentEngine\EpicForceEngine\Debug\Game.pdb
C:\GovernmentEngine\EpicForceEngine\Debug\Game.dll
C:\GovernmentEngine\EpicForceEngine\Debug\Game.ilk
